-------------------------------------------------------------------------------
Test set: com.macros.persistence.dao.MySQLDaoTest
-------------------------------------------------------------------------------
Tests run: 9, Failures: 0, Errors: 1, Skipped: 0, Time elapsed: 1.584 s <<< FAILURE! - in com.macros.persistence.dao.MySQLDaoTest
removeTest(com.macros.persistence.dao.MySQLDaoTest)  Time elapsed: 0.07 s  <<< ERROR!
java.lang.NullPointerException
	at com.macros.persistence.dao.MySQLDaoTest.removeTest(MySQLDaoTest.java:84)

